<?xml version="1.0" encoding="UTF-8"?>
<testng-results ignored="0" total="1" passed="1" failed="0" skipped="0">
  <reporter-output>
  </reporter-output>
  <suite started-at="2021-05-26T17:05:31 EDT" name="Regression" finished-at="2021-05-26T17:06:13 EDT" duration-ms="42009">
    <groups>
    </groups>
    <test started-at="2021-05-26T17:05:31 EDT" name="adhoc" finished-at="2021-05-26T17:06:13 EDT" duration-ms="42009">
      <class name="Com.PeopleNTech.Frameworkpushpopractise.Com.PeopleNTech.Frameworkpushpo.HomeDepotCreate1">
        <test-method is-config="true" signature="beforeClass(java.lang.String,java.lang.String)[pri:0, instance:Com.PeopleNTech.Frameworkpushpopractise.Com.PeopleNTech.Frameworkpushpo.HomeDepotCreate1@10163d6]" started-at="2021-05-26T17:05:31 EDT" name="beforeClass" finished-at="2021-05-26T17:05:37 EDT" duration-ms="6908" status="PASS">
          <params>
            <param index="0">
              <value>
                <![CDATA[Chrome]]>
              </value>
            </param>
            <param index="1">
              <value>
                <![CDATA[https://www.homedepot.com]]>
              </value>
            </param>
          </params>
          <reporter-output>
          </reporter-output>
        </test-method> <!-- beforeClass -->
        <test-method signature="f()[pri:0, instance:Com.PeopleNTech.Frameworkpushpopractise.Com.PeopleNTech.Frameworkpushpo.HomeDepotCreate1@10163d6]" started-at="2021-05-26T17:05:37 EDT" name="f" finished-at="2021-05-26T17:06:12 EDT" duration-ms="34160" status="PASS">
          <reporter-output>
          </reporter-output>
        </test-method> <!-- f -->
        <test-method is-config="true" signature="afterClass()[pri:0, instance:Com.PeopleNTech.Frameworkpushpopractise.Com.PeopleNTech.Frameworkpushpo.HomeDepotCreate1@10163d6]" started-at="2021-05-26T17:06:12 EDT" name="afterClass" finished-at="2021-05-26T17:06:13 EDT" duration-ms="658" status="PASS">
          <reporter-output>
          </reporter-output>
        </test-method> <!-- afterClass -->
      </class> <!-- Com.PeopleNTech.Frameworkpushpopractise.Com.PeopleNTech.Frameworkpushpo.HomeDepotCreate1 -->
    </test> <!-- adhoc -->
  </suite> <!-- Regression -->
</testng-results>
