<?xml version="1.0" encoding="UTF-8"?>
<!-- Generated by org.testng.reporters.JUnitXMLReporter -->
<testsuite ignored="0" hostname="Khadizas-MacBook-Pro.local" failures="0" tests="2" name="BootcampTest" time="0.044" errors="0" timestamp="2021-05-26T16:22:32 EDT">
  <testcase classname="Bootcamp.framework.pushpo.Bootcamp.framework.pushpo2021.ExpediaSearchFlightForRT" name="@BeforeTest beforeTest" time="-1.622060552234E9">
    <failure type="org.testng.TestNGException" message="
Can inject only one of &amp;lt;ITestContext, XmlTest&amp;gt; into a @BeforeTest annotated beforeTest.
For more information on native dependency injection please refer to https://testng.org/doc/documentation-main.html#native-dependency-injection">
      <![CDATA[org.testng.TestNGException: 
Can inject only one of <ITestContext, XmlTest> into a @BeforeTest annotated beforeTest.
For more information on native dependency injection please refer to https://testng.org/doc/documentation-main.html#native-dependency-injection
... Removed 21 stack frames]]>
    </failure>
  </testcase> <!-- @BeforeTest beforeTest -->
  <testcase classname="Bootcamp.framework.pushpo.Bootcamp.framework.pushpo2021.ExpediaSearchFlightForRT" name="@AfterTest afterTest" time="-1.622060552274E9">
    <skipped/>
  </testcase> <!-- @AfterTest afterTest -->
  <testcase classname="Bootcamp.framework.pushpo.Bootcamp.framework.pushpo2021.ExpediaSearchFlightForRT" name="Test" time="0.0">
    <skipped/>
  </testcase> <!-- Test -->
  <testcase classname="Bootcamp.framework.pushpo.Bootcamp.framework.pushpo2021.AppTest" name="shouldAnswerWithTrue" time="0.0">
    <skipped/>
  </testcase> <!-- shouldAnswerWithTrue -->
</testsuite> <!-- BootcampTest -->
